<?xml version="1.0" encoding="UTF-8"?>
<!-- Generated by org.testng.reporters.JUnitXMLReporter -->
<testsuite hostname="DESKTOP-4SC5RBR" ignored="0" name="Test" tests="4" failures="0" timestamp="23 Jun 2018 18:24:23 GMT" time="17.083" errors="0">
  <testcase name="connectDB" time="0.644" classname="seleniumTest.DateBaseConnection"/>
  <testcase name="ksrtc" time="0.002" classname="seleniumTest.Dummy1"/>
  <testcase name="ksrtcAgain" time="0.224" classname="seleniumTest.Dummy1"/>
  <testcase name="regression" time="0.008" classname="seleniumTest.Dummy2"/>
</testsuite> <!-- Test -->
