<?xml version="1.0" encoding="UTF-8"?>
<!-- Generated by org.testng.reporters.JUnitXMLReporter -->
<testsuite hostname="DESKTOP-4SC5RBR" ignored="0" name="Test" tests="4" failures="0" timestamp="23 Jun 2018 16:02:04 GMT" time="42.307" errors="0">
  <testcase name="connectDB" time="0.499" classname="seleniumTest.DateBaseConnection"/>
  <testcase name="ksrtc" time="0.002" classname="seleniumTest.Dummy1"/>
  <testcase name="ksrtcAgain" time="0.166" classname="seleniumTest.Dummy1"/>
  <testcase name="regression" time="0.005" classname="seleniumTest.Dummy2"/>
</testsuite> <!-- Test -->
